<?xml version="1.0" encoding="UTF-8"?>
<!-- Generated by org.testng.reporters.JUnitReportReporter -->
<testsuite hostname="Shabarishs-MBP.lan" failures="0" tests="1" name="testNGPracticePackage.basicsOne" time="0.003" errors="0" timestamp="2021-02-17T01:07:21 EST" skipped="0">
  <testcase classname="testNGPracticePackage.basicsOne" name="Demo" time="0.003"/>
  <system-out/>
</testsuite> <!-- testNGPracticePackage.basicsOne -->
