<?xml version="1.0" encoding="UTF-8"?>
<!-- Generated by org.testng.reporters.JUnitReportReporter -->
<testsuite hostname="6213-firtzj-p.cgcad.uc.edu" failures="0" tests="1" name="ExtentReports.jenkinReports.singleTest" time="4.554" errors="0" timestamp="2021-02-17T12:27:46 EST" skipped="0">
  <testcase classname="ExtentReports.jenkinReports.singleTest" name="test1" time="4.554"/>
  <system-out/>
</testsuite> <!-- ExtentReports.jenkinReports.singleTest -->
