<?xml version="1.0" encoding="UTF-8"?>
<!-- Generated by org.testng.reporters.JUnitReportReporter -->
<testsuite hostname="Shabarishs-MBP-991.lan" failures="0" tests="1" name="testCases.LoginPage" time="14.608" errors="0" timestamp="2021-02-21T15:17:16 EST" skipped="0">
  <testcase classname="testCases.LoginPage" name="login" time="14.608"/>
  <system-out/>
</testsuite> <!-- testCases.LoginPage -->
